<?xml version="1.0" encoding="UTF-8"?>
<!-- Generated by org.testng.reporters.JUnitXMLReporter -->
<testsuite ignored="6" hostname="LAPTOP-L25S7ADE" failures="2" tests="2" name="Test(failed)" time="0.069" errors="0" timestamp="2022-11-25T17:35:12 IST">
  <testcase classname="TestNG.Ex14_RunFailedTCsEx2" name="TC8" time="0.011">
    <failure type="java.lang.Error" message="Unresolved compilation problem: 
	Syntax error, insert &amp;quot;;&amp;quot; to complete BlockStatements
">
      <![CDATA[java.lang.Error: Unresolved compilation problem: 
Syntax error, insert ";" to complete BlockStatements

at TestNG.Ex14_RunFailedTCsEx2.TC8(Ex14_RunFailedTCsEx2.java:26)
at java.base/java.util.ArrayList.forEach(ArrayList.java:1541)
... Removed 27 stack frames]]>
    </failure>
  </testcase> <!-- TC8 -->
  <testcase classname="TestNG.Ex14_RunFailedTCs" name="TC4" time="0.004">
    <failure type="java.lang.Error" message="Unresolved compilation problem: 
	Syntax error, insert &amp;quot;;&amp;quot; to complete BlockStatements
">
      <![CDATA[java.lang.Error: Unresolved compilation problem: 
Syntax error, insert ";" to complete BlockStatements

at TestNG.Ex14_RunFailedTCs.TC4(Ex14_RunFailedTCs.java:24)
at java.base/java.util.ArrayList.forEach(ArrayList.java:1541)
... Removed 27 stack frames]]>
    </failure>
  </testcase> <!-- TC4 -->
  <testcase classname="TestNG.Ex14_RunFailedTCsEx2" name="TC7" time="0.0">
    <ignored/>
  </testcase> <!-- TC7 -->
  <testcase classname="TestNG.Ex14_RunFailedTCs" name="TC1" time="0.0">
    <ignored/>
  </testcase> <!-- TC1 -->
  <testcase classname="TestNG.Ex14_RunFailedTCs" name="TC3" time="0.0">
    <ignored/>
  </testcase> <!-- TC3 -->
  <testcase classname="TestNG.Ex14_RunFailedTCsEx2" name="TC5" time="0.0">
    <ignored/>
  </testcase> <!-- TC5 -->
  <testcase classname="TestNG.Ex14_RunFailedTCs" name="TC2" time="0.0">
    <ignored/>
  </testcase> <!-- TC2 -->
  <testcase classname="TestNG.Ex14_RunFailedTCsEx2" name="TC6" time="0.0">
    <ignored/>
  </testcase> <!-- TC6 -->
</testsuite> <!-- Test(failed) -->
